This is pdfTeX, Version 3.141592653-2.6-1.40.24 (TeX Live 2022/Arch Linux) (preloaded format=pdflatex 2022.11.20)  12 JAN 2023 08:21
entering extended mode
 restricted \write18 enabled.
 %&-line parsing enabled.
**dokumentace.tex
(./dokumentace.tex
LaTeX2e <2021-11-15> patch level 1
L3 programming layer <2022-04-10>
(/usr/share/texmf-dist/tex/latex/base/article.cls
Document Class: article 2021/10/04 v1.4n Standard LaTeX document class
(/usr/share/texmf-dist/tex/latex/base/size12.clo
File: size12.clo 2021/10/04 v1.4n Standard LaTeX file (size option)
)
\c@part=\count185
\c@section=\count186
\c@subsection=\count187
\c@subsubsection=\count188
\c@paragraph=\count189
\c@subparagraph=\count190
\c@figure=\count191
\c@table=\count192
\abovecaptionskip=\skip47
\belowcaptionskip=\skip48
\bibindent=\dimen138
)
(/usr/share/texmf-dist/tex/latex/base/inputenc.sty
Package: inputenc 2021/02/14 v1.3d Input encoding file
\inpenc@prehook=\toks16
\inpenc@posthook=\toks17
)
(/usr/share/texmf-dist/tex/generic/babel/babel.sty
Package: babel 2022/02/26 3.73 The Babel package
\babel@savecnt=\count193
\U@D=\dimen139
\l@unhyphenated=\language87

(/usr/share/texmf-dist/tex/generic/babel/txtbabel.def)
\bbl@readstream=\read2
\bbl@dirlevel=\count194

(/usr/share/texmf-dist/tex/generic/babel-czech/czech.ldf
Language: czech 2008/07/06 v3.1a Czech support from the babel system
Package babel Info: Making " an active character on input line 172.
\cs@wordlen=\count195
Package babel Info: Making - an active character on input line 226.
))
(/usr/share/texmf-dist/tex/latex/graphics/graphicx.sty
Package: graphicx 2021/09/16 v1.2d Enhanced LaTeX Graphics (DPC,SPQR)

(/usr/share/texmf-dist/tex/latex/graphics/keyval.sty
Package: keyval 2014/10/28 v1.15 key=value parser (DPC)
\KV@toks@=\toks18
)
(/usr/share/texmf-dist/tex/latex/graphics/graphics.sty
Package: graphics 2021/03/04 v1.4d Standard LaTeX Graphics (DPC,SPQR)

(/usr/share/texmf-dist/tex/latex/graphics/trig.sty
Package: trig 2021/08/11 v1.11 sin cos tan (DPC)
)
(/usr/share/texmf-dist/tex/latex/graphics-cfg/graphics.cfg
File: graphics.cfg 2016/06/04 v1.11 sample graphics configuration
)
Package graphics Info: Driver file: pdftex.def on input line 107.

(/usr/share/texmf-dist/tex/latex/graphics-def/pdftex.def
File: pdftex.def 2020/10/05 v1.2a Graphics/color driver for pdftex
))
\Gin@req@height=\dimen140
\Gin@req@width=\dimen141
)
(/usr/share/texmf-dist/tex/latex/placeins/placeins.sty
Package: placeins 2005/04/18  v 2.2
)
(/usr/share/texmf-dist/tex/latex/geometry/geometry.sty
Package: geometry 2020/01/02 v5.9 Page Geometry

(/usr/share/texmf-dist/tex/generic/iftex/ifvtex.sty
Package: ifvtex 2019/10/25 v1.7 ifvtex legacy package. Use iftex instead.

(/usr/share/texmf-dist/tex/generic/iftex/iftex.sty
Package: iftex 2022/02/03 v1.0f TeX engine tests
))
\Gm@cnth=\count196
\Gm@cntv=\count197
\c@Gm@tempcnt=\count198
\Gm@bindingoffset=\dimen142
\Gm@wd@mp=\dimen143
\Gm@odd@mp=\dimen144
\Gm@even@mp=\dimen145
\Gm@layoutwidth=\dimen146
\Gm@layoutheight=\dimen147
\Gm@layouthoffset=\dimen148
\Gm@layoutvoffset=\dimen149
\Gm@dimlist=\toks19
)
(/usr/share/texmf-dist/tex/latex/hyperref/hyperref.sty
Package: hyperref 2022-02-21 v7.00n Hypertext links for LaTeX

(/usr/share/texmf-dist/tex/generic/ltxcmds/ltxcmds.sty
Package: ltxcmds 2020-05-10 v1.25 LaTeX kernel commands for general use (HO)
)
(/usr/share/texmf-dist/tex/generic/pdftexcmds/pdftexcmds.sty
Package: pdftexcmds 2020-06-27 v0.33 Utility functions of pdfTeX for LuaTeX (HO
)

(/usr/share/texmf-dist/tex/generic/infwarerr/infwarerr.sty
Package: infwarerr 2019/12/03 v1.5 Providing info/warning/error messages (HO)
)
Package pdftexcmds Info: \pdf@primitive is available.
Package pdftexcmds Info: \pdf@ifprimitive is available.
Package pdftexcmds Info: \pdfdraftmode found.
)
(/usr/share/texmf-dist/tex/generic/kvsetkeys/kvsetkeys.sty
Package: kvsetkeys 2019/12/15 v1.18 Key value parser (HO)
)
(/usr/share/texmf-dist/tex/generic/kvdefinekeys/kvdefinekeys.sty
Package: kvdefinekeys 2019-12-19 v1.6 Define keys (HO)
)
(/usr/share/texmf-dist/tex/generic/pdfescape/pdfescape.sty
Package: pdfescape 2019/12/09 v1.15 Implements pdfTeX's escape features (HO)
)
(/usr/share/texmf-dist/tex/latex/hycolor/hycolor.sty
Package: hycolor 2020-01-27 v1.10 Color options for hyperref/bookmark (HO)
)
(/usr/share/texmf-dist/tex/latex/letltxmacro/letltxmacro.sty
Package: letltxmacro 2019/12/03 v1.6 Let assignment for LaTeX macros (HO)
)
(/usr/share/texmf-dist/tex/latex/auxhook/auxhook.sty
Package: auxhook 2019-12-17 v1.6 Hooks for auxiliary files (HO)
)
(/usr/share/texmf-dist/tex/latex/kvoptions/kvoptions.sty
Package: kvoptions 2020-10-07 v3.14 Key value format for package options (HO)
)
\@linkdim=\dimen150
\Hy@linkcounter=\count199
\Hy@pagecounter=\count266

(/usr/share/texmf-dist/tex/latex/hyperref/pd1enc.def
File: pd1enc.def 2022-02-21 v7.00n Hyperref: PDFDocEncoding definition (HO)
Now handling font encoding PD1 ...
... no UTF-8 mapping file for font encoding PD1
)
(/usr/share/texmf-dist/tex/generic/intcalc/intcalc.sty
Package: intcalc 2019/12/15 v1.3 Expandable calculations with integers (HO)
)
(/usr/share/texmf-dist/tex/generic/etexcmds/etexcmds.sty
Package: etexcmds 2019/12/15 v1.7 Avoid name clashes with e-TeX commands (HO)
)
\Hy@SavedSpaceFactor=\count267

(/usr/share/texmf-dist/tex/latex/hyperref/puenc.def
File: puenc.def 2022-02-21 v7.00n Hyperref: PDF Unicode definition (HO)
Now handling font encoding PU ...
... no UTF-8 mapping file for font encoding PU
)
Package hyperref Info: Hyper figures OFF on input line 4137.
Package hyperref Info: Link nesting OFF on input line 4142.
Package hyperref Info: Hyper index ON on input line 4145.
Package hyperref Info: Plain pages OFF on input line 4152.
Package hyperref Info: Backreferencing OFF on input line 4157.
Package hyperref Info: Implicit mode ON; LaTeX internals redefined.
Package hyperref Info: Bookmarks ON on input line 4390.
\c@Hy@tempcnt=\count268

(/usr/share/texmf-dist/tex/latex/url/url.sty
\Urlmuskip=\muskip16
Package: url 2013/09/16  ver 3.4  Verb mode for urls, etc.
)
LaTeX Info: Redefining \url on input line 4749.
\XeTeXLinkMargin=\dimen151

(/usr/share/texmf-dist/tex/generic/bitset/bitset.sty
Package: bitset 2019/12/09 v1.3 Handle bit-vector datatype (HO)

(/usr/share/texmf-dist/tex/generic/bigintcalc/bigintcalc.sty
Package: bigintcalc 2019/12/15 v1.5 Expandable calculations on big integers (HO
)
))
\Fld@menulength=\count269
\Field@Width=\dimen152
\Fld@charsize=\dimen153
Package hyperref Info: Hyper figures OFF on input line 6027.
Package hyperref Info: Link nesting OFF on input line 6032.
Package hyperref Info: Hyper index ON on input line 6035.
Package hyperref Info: backreferencing OFF on input line 6042.
Package hyperref Info: Link coloring OFF on input line 6047.
Package hyperref Info: Link coloring with OCG OFF on input line 6052.
Package hyperref Info: PDF/A mode OFF on input line 6057.
LaTeX Info: Redefining \ref on input line 6097.
LaTeX Info: Redefining \pageref on input line 6101.

(/usr/share/texmf-dist/tex/latex/base/atbegshi-ltx.sty
Package: atbegshi-ltx 2021/01/10 v1.0c Emulation of the original atbegshi
package with kernel methods
)
\Hy@abspage=\count270
\c@Item=\count271
\c@Hfootnote=\count272
)
Package hyperref Info: Driver (autodetected): hpdftex.

(/usr/share/texmf-dist/tex/latex/hyperref/hpdftex.def
File: hpdftex.def 2022-02-21 v7.00n Hyperref driver for pdfTeX

(/usr/share/texmf-dist/tex/latex/base/atveryend-ltx.sty
Package: atveryend-ltx 2020/08/19 v1.0a Emulation of the original atveryend pac
kage
with kernel methods
)
\Fld@listcount=\count273
\c@bookmark@seq@number=\count274

(/usr/share/texmf-dist/tex/latex/rerunfilecheck/rerunfilecheck.sty
Package: rerunfilecheck 2019/12/05 v1.9 Rerun checks for auxiliary files (HO)

(/usr/share/texmf-dist/tex/generic/uniquecounter/uniquecounter.sty
Package: uniquecounter 2019/12/15 v1.4 Provide unlimited unique counter (HO)
)
Package uniquecounter Info: New unique counter `rerunfilecheck' on input line 2
86.
)
\Hy@SectionHShift=\skip49
)
(/usr/share/texmf-dist/tex/latex/l3backend/l3backend-pdftex.def
File: l3backend-pdftex.def 2022-04-14 L3 backend support: PDF output (pdfTeX)
\l__color_backend_stack_int=\count275
\l__pdf_internal_box=\box50
)
(./dokumentace.aux)
\openout1 = `dokumentace.aux'.

LaTeX Font Info:    Checking defaults for OML/cmm/m/it on input line 12.
LaTeX Font Info:    ... okay on input line 12.
LaTeX Font Info:    Checking defaults for OMS/cmsy/m/n on input line 12.
LaTeX Font Info:    ... okay on input line 12.
LaTeX Font Info:    Checking defaults for OT1/cmr/m/n on input line 12.
LaTeX Font Info:    ... okay on input line 12.
LaTeX Font Info:    Checking defaults for T1/cmr/m/n on input line 12.
LaTeX Font Info:    ... okay on input line 12.
LaTeX Font Info:    Checking defaults for TS1/cmr/m/n on input line 12.
LaTeX Font Info:    ... okay on input line 12.
LaTeX Font Info:    Checking defaults for OMX/cmex/m/n on input line 12.
LaTeX Font Info:    ... okay on input line 12.
LaTeX Font Info:    Checking defaults for U/cmr/m/n on input line 12.
LaTeX Font Info:    ... okay on input line 12.
LaTeX Font Info:    Checking defaults for PD1/pdf/m/n on input line 12.
LaTeX Font Info:    ... okay on input line 12.
LaTeX Font Info:    Checking defaults for PU/pdf/m/n on input line 12.
LaTeX Font Info:    ... okay on input line 12.
 (/usr/share/texmf-dist/tex/context/base/mkii/supp-pdf.mkii
[Loading MPS to PDF converter (version 2006.09.02).]
\scratchcounter=\count276
\scratchdimen=\dimen154
\scratchbox=\box51
\nofMPsegments=\count277
\nofMParguments=\count278
\everyMPshowfont=\toks20
\MPscratchCnt=\count279
\MPscratchDim=\dimen155
\MPnumerator=\count280
\makeMPintoPDFobject=\count281
\everyMPtoPDFconversion=\toks21
) (/usr/share/texmf-dist/tex/latex/epstopdf-pkg/epstopdf-base.sty
Package: epstopdf-base 2020-01-24 v2.11 Base part for package epstopdf
Package epstopdf-base Info: Redefining graphics rule for `.eps' on input line 4
85.

(/usr/share/texmf-dist/tex/latex/latexconfig/epstopdf-sys.cfg
File: epstopdf-sys.cfg 2010/07/13 v1.3 Configuration of (r)epstopdf for TeX Liv
e
))
*geometry* driver: auto-detecting
*geometry* detected driver: pdftex
*geometry* verbose mode - [ preamble ] result:
* driver: pdftex
* paper: <default>
* layout: <same size as paper>
* layoutoffset:(h,v)=(0.0pt,0.0pt)
* modes: 
* h-part:(L,W,R)=(56.9055pt, 500.484pt, 56.9055pt)
* v-part:(T,H,B)=(85.35826pt, 652.70622pt, 56.9055pt)
* \paperwidth=614.295pt
* \paperheight=794.96999pt
* \textwidth=500.484pt
* \textheight=652.70622pt
* \oddsidemargin=-15.36449pt
* \evensidemargin=-15.36449pt
* \topmargin=-23.91173pt
* \headheight=12.0pt
* \headsep=25.0pt
* \topskip=12.0pt
* \footskip=30.0pt
* \marginparwidth=44.0pt
* \marginparsep=10.0pt
* \columnsep=10.0pt
* \skip\footins=10.8pt plus 4.0pt minus 2.0pt
* \hoffset=0.0pt
* \voffset=0.0pt
* \mag=1000
* \@twocolumnfalse
* \@twosidefalse
* \@mparswitchfalse
* \@reversemarginfalse
* (1in=72.27pt=25.4mm, 1cm=28.453pt)

Package hyperref Info: Link coloring OFF on input line 12.
(/usr/share/texmf-dist/tex/latex/hyperref/nameref.sty
Package: nameref 2021-04-02 v2.47 Cross-referencing by name of section

(/usr/share/texmf-dist/tex/latex/refcount/refcount.sty
Package: refcount 2019/12/15 v3.6 Data extraction from label references (HO)
)
(/usr/share/texmf-dist/tex/generic/gettitlestring/gettitlestring.sty
Package: gettitlestring 2019/12/15 v1.6 Cleanup title references (HO)
)
\c@section@level=\count282
)
LaTeX Info: Redefining \ref on input line 12.
LaTeX Info: Redefining \pageref on input line 12.
LaTeX Info: Redefining \nameref on input line 12.

(./dokumentace.out) (./dokumentace.out)
\@outlinefile=\write3
\openout3 = `dokumentace.out'.

<zcu-logo.png, id=132, 209.28188pt x 96.36pt>
File: zcu-logo.png Graphic file (type png)
<use zcu-logo.png>
Package pdftex.def Info: zcu-logo.png  used on input line 17.
(pdftex.def)             Requested size: 209.28134pt x 96.35974pt.
LaTeX Font Info:    External font `cmex10' loaded for size
(Font)              <12> on input line 30.
LaTeX Font Info:    External font `cmex10' loaded for size
(Font)              <8> on input line 30.
LaTeX Font Info:    External font `cmex10' loaded for size
(Font)              <6> on input line 30.
 [1

{/var/lib/texmf/fonts/map/pdftex/updmap/pdftex.map} <./zcu-logo.png>] (./dokume
ntace.toc)
\tf@toc=\write4
\openout4 = `dokumentace.toc'.


pdfTeX warning (ext4): destination with the same identifier (name{page.1}) has 
been already used, duplicate ignored
<to be read again> 
                   \relax 
l.42 \newpage
              [1] [2] [3]
<protocol_structure.png, id=187, 664.4825pt x 122.4575pt>
File: protocol_structure.png Graphic file (type png)
<use protocol_structure.png>
Package pdftex.def Info: protocol_structure.png  used on input line 66.
(pdftex.def)             Requested size: 250.24199pt x 46.11763pt.


LaTeX Warning: No positions in optional float specifier.
               Default added (so using `tbp') on input line 76.


Underfull \hbox (badness 10000) in paragraph at lines 79--79
[]\OT1/cmr/bx/n/12 O^^Tcek^^Sav^^San^^Sa
 []


Underfull \hbox (badness 10000) in paragraph at lines 80--80
[]\OT1/cmr/m/n/12 Nav^^Saz^^San^^S^^P spo-
 []

LaTeX Font Info:    Trying to load font information for OML+cmr on input line 8
1.
(/usr/share/texmf-dist/tex/latex/base/omlcmr.fd
File: omlcmr.fd 2019/12/16 v2.5j Standard LaTeX font definitions
)
LaTeX Font Info:    Font shape `OML/cmr/m/n' in size <12> not available
(Font)              Font shape `OML/cmm/m/it' tried instead on input line 81.

Underfull \hbox (badness 10000) in paragraph at lines 81--81
[]\OT1/cmr/m/n/12 LADDROOM
 []


Underfull \hbox (badness 10000) in paragraph at lines 81--81
[]\OT1/cmr/m/n/12 Zasl^^San^^S^^P
 []


Underfull \hbox (badness 10000) in paragraph at lines 82--82
[]\OT1/cmr/m/n/12 P^^Trepnut^^S^^P po-
 []


Underfull \hbox (badness 10000) in paragraph at lines 83--83
[]\OT1/cmr/m/n/12 P^^Trepnut^^S^^P po-
 []


Underfull \hbox (badness 10000) in paragraph at lines 84--84
[]\OT1/cmr/m/n/12 P^^Trid^^San^^S^^P
 []


Underfull \hbox (badness 10000) in paragraph at lines 84--84
\OT1/cmr/m/n/12 m^^S^^Pstnosti do
 []


Underfull \hbox (badness 10000) in paragraph at lines 86--86
[]\OT1/cmr/m/n/12 Klient je
 []


Underfull \hbox (badness 10000) in paragraph at lines 86--86
\OT1/cmr/m/n/12 p^^Tripraven ke
 []


Underfull \hbox (badness 10000) in paragraph at lines 87--87
[]\OT1/cmr/m/n/12 Zpr^^Sava o
 []


Underfull \hbox (badness 10000) in paragraph at lines 88--88
[]\OT1/cmr/m/n/12 Zpr^^Sava o
 []


Underfull \hbox (badness 10000) in paragraph at lines 88--88
\OT1/cmr/m/n/12 nep^^Tripraven^^Sem
 []


Underfull \hbox (badness 10000) in paragraph at lines 88--88
\OT1/cmr/m/n/12 kli-en-tovi
 []


Underfull \hbox (badness 10000) in paragraph at lines 89--89
[]\OT1/cmr/m/n/12 UPDBET, CLR-CA-RDS,
 []


Underfull \hbox (badness 10000) in paragraph at lines 91--91
[]\OT1/cmr/m/n/12 Aktualizace
 []


Underfull \hbox (badness 6658) in paragraph at lines 92--92
[]\OT1/cmr/m/n/12 Ostran^^Ten^^S^^P vi-di-
 []


Underfull \hbox (badness 10000) in paragraph at lines 93--93
[]\OT1/cmr/m/n/12 P^^Trid^^San^^S^^P karty
 []


Overfull \hbox (16.3545pt too wide) in paragraph at lines 77--99
[][] 
 []


LaTeX Warning: No positions in optional float specifier.
               Default added (so using `tbp') on input line 101.


Underfull \hbox (badness 10000) in paragraph at lines 104--104
[]\OT1/cmr/bx/n/12 O^^Tcek^^Sav^^San^^Sa
 []


Underfull \hbox (badness 10000) in paragraph at lines 105--105
[]\OT1/cmr/m/n/12 Zobrazen^^S^^P
 []


Underfull \hbox (badness 10000) in paragraph at lines 105--105
\OT1/cmr/m/n/12 tla^^Tc^^S^^Ptka pro
 []


Underfull \hbox (badness 10000) in paragraph at lines 106--106
[]\OT1/cmr/m/n/12 Zobrazen^^S^^P
 []


Underfull \hbox (badness 10000) in paragraph at lines 106--106
\OT1/cmr/m/n/12 tla^^Tc^^S^^Ptka pro
 []


Underfull \hbox (badness 10000) in paragraph at lines 107--107
[]\OT1/cmr/m/n/12 Zobrazen^^S^^P
 []


Underfull \hbox (badness 10000) in paragraph at lines 107--107
\OT1/cmr/m/n/12 tla^^Tc^^S^^Ptka pro
 []


Underfull \hbox (badness 10000) in paragraph at lines 107--107
\OT1/cmr/m/n/12 po-tvr-zen^^S^^P
 []


Underfull \hbox (badness 10000) in paragraph at lines 107--107
\OT1/cmr/m/n/12 p^^Tripraven^^Seho
 []


Underfull \hbox (badness 10000) in paragraph at lines 108--108
[]\OT1/cmr/m/n/12 Zobrazen^^S^^P
 []


Underfull \hbox (badness 10000) in paragraph at lines 109--109
[]\OT1/cmr/m/n/12 Zpr^^Sava o
 []


Underfull \hbox (badness 10000) in paragraph at lines 113--113
\OT1/cmr/m/n/12 rov^^Te p^^Tresa^^Tzen^^S^^P
 []


Underfull \hbox (badness 10000) in paragraph at lines 113--113
\OT1/cmr/m/n/12 hrani^^Tcn^^S^^P hod-
 []


Underfull \hbox (badness 10000) in paragraph at lines 114--114
[]\OT1/cmr/m/n/12 Zpr^^Sava, ^^Tze je
 []


Underfull \hbox (badness 10000) in paragraph at lines 114--114
\OT1/cmr/m/n/12 dan^^Sy hr^^Sa^^Tc na
 []


Underfull \hbox (badness 10000) in paragraph at lines 115--115
[]\OT1/cmr/m/n/12 Zpr^^Sava, ^^Tze je
 []


Underfull \hbox (badness 10000) in paragraph at lines 115--115
\OT1/cmr/m/n/12 jin^^Sy hr^^Sa^^Tc na
 []


Underfull \hbox (badness 5105) in paragraph at lines 117--117
[]\OT1/cmr/m/n/12 Zpr^^Sava o zno-
 []


Underfull \hbox (badness 10000) in paragraph at lines 117--117
\OT1/cmr/m/n/12 vup^^Tripojen^^S^^P
 []


Underfull \hbox (badness 10000) in paragraph at lines 118--118
[]\OT1/cmr/m/n/12 Odpoved[] na
 []


Overfull \hbox (8.52126pt too wide) in paragraph at lines 102--120
[][] 
 []

[4 <./protocol_structure.png>] [5] [6] [7]
<stateDiagram.png, id=208, 762.85pt x 492.84125pt>
File: stateDiagram.png Graphic file (type png)
<use stateDiagram.png>
Package pdftex.def Info: stateDiagram.png  used on input line 169.
(pdftex.def)             Requested size: 400.38872pt x 258.67032pt.
 [8 <./stateDiagram.png>]
<stateDiagramCodes.png, id=215, 801.99625pt x 544.0325pt>
File: stateDiagramCodes.png Graphic file (type png)
<use stateDiagramCodes.png>
Package pdftex.def Info: stateDiagramCodes.png  used on input line 178.
(pdftex.def)             Requested size: 400.38872pt x 271.60881pt.
 [9 <./stateDiagramCodes.png>] [10] [11] [12] [13] (./dokumentace.aux)
Package rerunfilecheck Info: File `dokumentace.out' has not changed.
(rerunfilecheck)             Checksum: 10A0FDDD94EB5E196295A4738319F30C;3811.
 ) 
Here is how much of TeX's memory you used:
 9830 strings out of 478238
 155957 string characters out of 5850455
 491419 words of memory out of 5000000
 27913 multiletter control sequences out of 15000+600000
 474119 words of font info for 44 fonts, out of 8000000 for 9000
 1141 hyphenation exceptions out of 8191
 60i,11n,63p,619b,347s stack positions out of 5000i,500n,10000p,200000b,80000s
</usr/share/texmf-dist/fonts/type1/public/amsfonts/cm/cmbx12.pfb></usr/share/
texmf-dist/fonts/type1/public/amsfonts/cm/cmmi12.pfb></usr/share/texmf-dist/fon
ts/type1/public/amsfonts/cm/cmr12.pfb>
Output written on dokumentace.pdf (14 pages, 155073 bytes).
PDF statistics:
 269 PDF objects out of 1000 (max. 8388607)
 236 compressed objects within 3 object streams
 50 named destinations out of 1000 (max. 500000)
 277 words of extra memory for PDF output out of 10000 (max. 10000000)

