\BOOKMARK [1][-]{section.1}{\376\377\000\332\000v\000o\000d}{}% 1
\BOOKMARK [1][-]{section.2}{\376\377\000P\000o\000p\000i\000s\000\040\000p\000r\001\157\000b\001\033\000h\000u\000\040\000h\000r\000y}{}% 2
\BOOKMARK [1][-]{section.3}{\376\377\000P\000r\000o\000t\000o\000k\000o\000l}{}% 3
\BOOKMARK [2][-]{subsection.3.1}{\376\377\000F\000o\000r\000m\000\341\000t\000\040\000z\000p\000r\000\341\000v}{section.3}% 4
\BOOKMARK [2][-]{subsection.3.2}{\376\377\000P\001\131\000e\000n\000\341\001\141\000e\000n\000\351\000\040\000d\000a\000t\000o\000v\000\351\000\040\000s\000t\000r\000u\000k\000t\000u\000r\000y\000,\000\040\000t\000y\000p\000y}{section.3}% 5
\BOOKMARK [2][-]{subsection.3.3}{\376\377\000V\000\375\000z\000n\000a\000m\000\040\000p\001\131\000e\000n\000\341\001\141\000e\000n\000\375\000c\000h\000\040\000d\000a\000t\000\040\000a\000\040\000k\000\363\000d\001\157}{section.3}% 6
\BOOKMARK [2][-]{subsection.3.4}{\376\377\000O\000m\000e\000z\000e\000n\000\355\000\040\000v\000s\000t\000u\000p\000n\000\355\000c\000h\000\040\000h\000o\000d\000n\000o\000t\000\040\000a\000\040\000v\000a\000l\000i\000d\000a\000c\000e\000\040\000d\000a\000t}{section.3}% 7
\BOOKMARK [2][-]{subsection.3.5}{\376\377\000N\000\341\000v\000a\000z\000n\000o\000s\000t\000\040\000z\000p\000r\000\341\000v}{section.3}% 8
\BOOKMARK [2][-]{subsection.3.6}{\376\377\000C\000h\000y\000b\000o\000v\000\351\000\040\000s\000t\000a\000v\000y}{section.3}% 9
\BOOKMARK [1][-]{section.4}{\376\377\000I\000m\000p\000l\000e\000m\000e\000n\000t\000a\000c\000e}{}% 10
\BOOKMARK [2][-]{subsection.4.1}{\376\377\000S\000e\000r\000v\000e\000r}{section.4}% 11
\BOOKMARK [3][-]{subsubsection.4.1.1}{\376\377\000C\000a\000r\000d}{subsection.4.1}% 12
\BOOKMARK [3][-]{subsubsection.4.1.2}{\376\377\000C\000l\000i\000e\000n\000t}{subsection.4.1}% 13
\BOOKMARK [3][-]{subsubsection.4.1.3}{\376\377\000C\000l\000i\000e\000n\000t\000S\000t\000a\000t\000e\000s}{subsection.4.1}% 14
\BOOKMARK [3][-]{subsubsection.4.1.4}{\376\377\000C\000o\000m\000m\000a\000n\000d\000s}{subsection.4.1}% 15
\BOOKMARK [3][-]{subsubsection.4.1.5}{\376\377\000G\000a\000m\000e}{subsection.4.1}% 16
\BOOKMARK [3][-]{subsubsection.4.1.6}{\376\377\000M\000e\000s\000s\000a\000g\000e}{subsection.4.1}% 17
\BOOKMARK [3][-]{subsubsection.4.1.7}{\376\377\000P\000a\000r\000s\000e\000r}{subsection.4.1}% 18
\BOOKMARK [3][-]{subsubsection.4.1.8}{\376\377\000Q\000u\000e\000u\000e}{subsection.4.1}% 19
\BOOKMARK [3][-]{subsubsection.4.1.9}{\376\377\000S\000e\000r\000v\000e\000r}{subsection.4.1}% 20
\BOOKMARK [3][-]{subsubsection.4.1.10}{\376\377\000S\000i\000g\000n\000a\000l\000s}{subsection.4.1}% 21
\BOOKMARK [3][-]{subsubsection.4.1.11}{\376\377\000S\000t\000a\000t\000e\000M\000a\000c\000h\000i\000n\000e}{subsection.4.1}% 22
\BOOKMARK [3][-]{subsubsection.4.1.12}{\376\377\000S\000t\000r\000i\000n\000g\000o\000p}{subsection.4.1}% 23
\BOOKMARK [2][-]{subsection.4.2}{\376\377\000K\000l\000i\000e\000n\000t}{section.4}% 24
\BOOKMARK [3][-]{subsubsection.4.2.1}{\376\377\000N\000e\000t\000w\000o\000r\000k\000D\000r\000i\000v\000e\000r}{subsection.4.2}% 25
\BOOKMARK [3][-]{subsubsection.4.2.2}{\376\377\000U\000I\000D\000r\000i\000v\000e\000r}{subsection.4.2}% 26
\BOOKMARK [2][-]{subsection.4.3}{\376\377\000P\000a\000r\000a\000l\000e\000l\000i\000s\000m\000u\000s}{section.4}% 27
\BOOKMARK [1][-]{section.5}{\376\377\000P\000o\001\176\000a\000d\000a\000v\000k\000y\000\040\000n\000a\000\040\000p\001\131\000e\000k\000l\000a\000d}{}% 28
\BOOKMARK [2][-]{subsection.5.1}{\376\377\000S\000e\000r\000v\000e\000r}{section.5}% 29
\BOOKMARK [2][-]{subsection.5.2}{\376\377\000K\000l\000i\000e\000n\000t}{section.5}% 30
\BOOKMARK [1][-]{section.6}{\376\377\000Z\000\341\000v\001\033\000r}{}% 31
